19:27:43 **** Incremental Build of configuration Debug for project nucleo-f429zi-systemidentification-framework ****
make -j16 all 
arm-none-eabi-g++ -o "nucleo-f429zi-systemidentification-framework.elf" @"objects.list"   -mcpu=cortex-m4 -T"/home/samay099/STM32CubeIDE/workspace_1.19.0/Systems_Identification_For_Low_Pass_Filters/nucleo-f429zi-systemidentification-framework/STM32F429ZITX_FLASH.ld" --specs=nosys.specs -Wl,-Map="nucleo-f429zi-systemidentification-framework.map" -Wl,--gc-sections -static  -mfpu=fpv4-sp-d16 -mfloat-abi=hard -mthumb -Wl,--start-group -lc -lm -lstdc++ -lsupc++ -Wl,--end-group
/opt/st/stm32cubeide_1.19.0/plugins/com.st.stm32cube.ide.mcu.externaltools.gnu-tools-for-stm32.13.3.rel1.linux64_1.0.0.202410170706/tools/bin/../lib/gcc/arm-none-eabi/13.3.1/../../../../arm-none-eabi/bin/ld: /opt/st/stm32cubeide_1.19.0/plugins/com.st.stm32cube.ide.mcu.externaltools.gnu-tools-for-stm32.13.3.rel1.linux64_1.0.0.202410170706/tools/bin/../lib/gcc/arm-none-eabi/13.3.1/../../../../arm-none-eabi/lib/thumb/v7e-m+fp/hard/libc.a(libc_a-getentropyr.o): in function `_getentropy_r':
(.text._getentropy_r+0xe): warning: _getentropy is not implemented and will always fail
/opt/st/stm32cubeide_1.19.0/plugins/com.st.stm32cube.ide.mcu.externaltools.gnu-tools-for-stm32.13.3.rel1.linux64_1.0.0.202410170706/tools/bin/../lib/gcc/arm-none-eabi/13.3.1/../../../../arm-none-eabi/bin/ld: /opt/st/stm32cubeide_1.19.0/plugins/com.st.stm32cube.ide.mcu.externaltools.gnu-tools-for-stm32.13.3.rel1.linux64_1.0.0.202410170706/tools/bin/../lib/gcc/arm-none-eabi/13.3.1/../../../../arm-none-eabi/lib/thumb/v7e-m+fp/hard/libc.a(libc_a-getentropyr.o): note: the message above does not take linker garbage collection into account
/opt/st/stm32cubeide_1.19.0/plugins/com.st.stm32cube.ide.mcu.externaltools.gnu-tools-for-stm32.13.3.rel1.linux64_1.0.0.202410170706/tools/bin/../lib/gcc/arm-none-eabi/13.3.1/../../../../arm-none-eabi/bin/ld: ./Core/Src/main.o: in function `HAL_GPIO_EXTI_Callback':
/home/samay099/STM32CubeIDE/workspace_1.19.0/Systems_Identification_For_Low_Pass_Filters/nucleo-f429zi-systemidentification-framework/Debug/../Core/Src/main.cpp:361:(.text.HAL_GPIO_EXTI_Callback+0x38): undefined reference to `event_queue'
collect2: error: ld returned 1 exit status
make: *** [makefile:88: nucleo-f429zi-systemidentification-framework.elf] Error 1
"make -j16 all" terminated with exit code 2. Build might be incomplete.

19:27:43 Build Failed. 3 errors, 1 warnings. (took 187ms)

